{
  "stats": {
    "suites": 1,
    "tests": 7,
    "passes": 7,
    "pending": 0,
    "failures": 0,
    "start": "2021-11-25T02:06:13.396Z",
    "end": "2021-11-25T02:06:45.145Z",
    "duration": 31749,
    "testsRegistered": 7,
    "passPercent": 100,
    "pendingPercent": 0,
    "other": 0,
    "hasOther": false,
    "skipped": 0,
    "hasSkipped": false
  },
  "results": [
    {
      "uuid": "3d1ad812-0c24-42c2-81fa-f07fb7ba8c21",
      "title": "",
      "fullFile": "cypress/integration/E2E.js",
      "file": "cypress/integration/E2E.js",
      "beforeHooks": [],
      "afterHooks": [],
      "tests": [],
      "suites": [
        {
          "uuid": "7276cb33-6339-4188-8384-f0e677598a68",
          "title": "E2E",
          "fullFile": "",
          "file": "",
          "beforeHooks": [],
          "afterHooks": [],
          "tests": [
            {
              "title": "Successful Registration",
              "fullTitle": "E2E Successful Registration",
              "timedOut": null,
              "duration": 7681,
              "state": "passed",
              "speed": "slow",
              "pass": true,
              "fail": false,
              "pending": false,
              "context": null,
              "code": "_LandingPage.landingPage.goToRegistrationPage();\n_Registration.registration.fillInTheRegistrationFormAndClickRegisterButton(this.data.firstName, this.data.lastName, email, this.data.password, this.data.confirmPassword);\n_Registration.registration.verifyThatRegistrationIsSuccessful();\n_Registration.registration.clickContinueButton();",
              "err": {},
              "uuid": "8d5c6a9f-6fe2-4e38-b5a9-efc15c768dfb",
              "parentUUID": "7276cb33-6339-4188-8384-f0e677598a68",
              "isHook": false,
              "skipped": false
            },
            {
              "title": "Successful Logout",
              "fullTitle": "E2E Successful Logout",
              "timedOut": null,
              "duration": 903,
              "state": "passed",
              "speed": "slow",
              "pass": true,
              "fail": false,
              "pending": false,
              "context": null,
              "code": "_LandingPage.landingPage.clickLogoutLink();\n_LandingPage.landingPage.verifyThatUserHasSuccessfullyLoggedOut();",
              "err": {},
              "uuid": "cfae5af6-5c5d-4ef3-be73-18099aea31d0",
              "parentUUID": "7276cb33-6339-4188-8384-f0e677598a68",
              "isHook": false,
              "skipped": false
            },
            {
              "title": "Successful Login",
              "fullTitle": "E2E Successful Login",
              "timedOut": null,
              "duration": 2093,
              "state": "passed",
              "speed": "slow",
              "pass": true,
              "fail": false,
              "pending": false,
              "context": null,
              "code": "_LandingPage.landingPage.goToLoginPage();\n_Login.login.fillInTheLoginFormAndClickLoginButton(email, this.data.password);\n_LandingPage.landingPage.verifyThatUserHasSuccessfullyLoggedIn(email);",
              "err": {},
              "uuid": "937949e2-866d-4513-9066-2ae22b81a4bd",
              "parentUUID": "7276cb33-6339-4188-8384-f0e677598a68",
              "isHook": false,
              "skipped": false
            },
            {
              "title": "Search Product",
              "fullTitle": "E2E Search Product",
              "timedOut": null,
              "duration": 998,
              "state": "passed",
              "speed": "slow",
              "pass": true,
              "fail": false,
              "pending": false,
              "context": null,
              "code": "_Shop.shop.searchProductItem(this.data.product);",
              "err": {},
              "uuid": "c6b5e07d-103e-4a18-9657-db83c7dfe5cb",
              "parentUUID": "7276cb33-6339-4188-8384-f0e677598a68",
              "isHook": false,
              "skipped": false
            },
            {
              "title": "Input Product Details and Add to Cart",
              "fullTitle": "E2E Input Product Details and Add to Cart",
              "timedOut": null,
              "duration": 4214,
              "state": "passed",
              "speed": "slow",
              "pass": true,
              "fail": false,
              "pending": false,
              "context": null,
              "code": "_Shop.shop.selectProductImage();\n_Shop.shop.inputItemQuantity(this.data.itemQuantity);\n_Shop.shop.clickAddToCartButton();",
              "err": {},
              "uuid": "b08ba173-48c7-4645-9cb9-3cbfefef15b1",
              "parentUUID": "7276cb33-6339-4188-8384-f0e677598a68",
              "isHook": false,
              "skipped": false
            },
            {
              "title": "Select Product(s) to checkout and Agree to terms and service",
              "fullTitle": "E2E Select Product(s) to checkout and Agree to terms and service",
              "timedOut": null,
              "duration": 8081,
              "state": "passed",
              "speed": "slow",
              "pass": true,
              "fail": false,
              "pending": false,
              "context": null,
              "code": "_ShoppingCart.shoppingCart.clickShoppingCartLink();\n_ShoppingCart.shoppingCart.tickItemCheckbox();\n_ShoppingCart.shoppingCart.tickTermsOfServiceCheckbox();\n_ShoppingCart.shoppingCart.clickCheckoutButton();",
              "err": {},
              "uuid": "232dabfa-d662-426c-8880-d3e1583b1343",
              "parentUUID": "7276cb33-6339-4188-8384-f0e677598a68",
              "isHook": false,
              "skipped": false
            },
            {
              "title": "Checkout Product",
              "fullTitle": "E2E Checkout Product",
              "timedOut": null,
              "duration": 4934,
              "state": "passed",
              "speed": "slow",
              "pass": true,
              "fail": false,
              "pending": false,
              "context": null,
              "code": "_Checkout.checkout.fillInBillingAddressForm(this.data.country, this.data.countryValue, this.data.city, this.data.address1, this.data.zipCode, this.data.phoneNumber);\n_Checkout.checkout.selectAndAddNewShippingAddress();\n_Checkout.checkout.selectShippingMethod();\n_Checkout.checkout.selectPaymentMethod();\n_Checkout.checkout.reviewPaymentInformation();\n_Checkout.checkout.confirmOrder();\n_Checkout.checkout.verifyThatOrderHasBeenSuccessfullyProcessed();",
              "err": {},
              "uuid": "ab65895b-044f-4b55-860a-610f4e72ded7",
              "parentUUID": "7276cb33-6339-4188-8384-f0e677598a68",
              "isHook": false,
              "skipped": false
            }
          ],
          "suites": [],
          "passes": [
            "8d5c6a9f-6fe2-4e38-b5a9-efc15c768dfb",
            "cfae5af6-5c5d-4ef3-be73-18099aea31d0",
            "937949e2-866d-4513-9066-2ae22b81a4bd",
            "c6b5e07d-103e-4a18-9657-db83c7dfe5cb",
            "b08ba173-48c7-4645-9cb9-3cbfefef15b1",
            "232dabfa-d662-426c-8880-d3e1583b1343",
            "ab65895b-044f-4b55-860a-610f4e72ded7"
          ],
          "failures": [],
          "pending": [],
          "skipped": [],
          "duration": 28904,
          "root": false,
          "rootEmpty": false,
          "_timeout": 2000
        }
      ],
      "passes": [],
      "failures": [],
      "pending": [],
      "skipped": [],
      "duration": 0,
      "root": true,
      "rootEmpty": true,
      "_timeout": 2000
    }
  ],
  "meta": {
    "mocha": {
      "version": "7.0.1"
    },
    "mochawesome": {
      "options": {
        "quiet": false,
        "reportFilename": "mochawesome",
        "saveHtml": true,
        "saveJson": true,
        "consoleReporter": "spec",
        "useInlineDiffs": false,
        "code": true
      },
      "version": "7.0.1"
    },
    "marge": {
      "options": null,
      "version": "6.0.1"
    }
  }
}